[0.477s] Invoking command in '/home/ali-elkashef/planner_ws/src/global_planner': DEBUGINFOD_URLS=https://debuginfod.ubuntu.com PYTHONPATH=/home/ali-elkashef/planner_ws/build/global_planner/prefix_override:/usr/lib/python3/dist-packages/colcon_core/task/python/colcon_distutils_commands:/home/ali-elkashef/planner_ws/install/global_planner/lib/python3.12/site-packages:${PYTHONPATH} /usr/bin/python3 -W ignore:setup.py install is deprecated -W ignore:easy_install command is deprecated setup.py egg_info --egg-base ../../build/global_planner build --build-base /home/ali-elkashef/planner_ws/build/global_planner/build install --record /home/ali-elkashef/planner_ws/build/global_planner/install.log --single-version-externally-managed install_data
[0.632s] running egg_info
[0.642s] writing ../../build/global_planner/global_planner.egg-info/PKG-INFO
[0.642s] writing dependency_links to ../../build/global_planner/global_planner.egg-info/dependency_links.txt
[0.642s] writing entry points to ../../build/global_planner/global_planner.egg-info/entry_points.txt
[0.642s] writing requirements to ../../build/global_planner/global_planner.egg-info/requires.txt
[0.642s] writing top-level names to ../../build/global_planner/global_planner.egg-info/top_level.txt
[0.661s] reading manifest file '../../build/global_planner/global_planner.egg-info/SOURCES.txt'
[0.661s] adding license file 'LICENSE'
[0.662s] writing manifest file '../../build/global_planner/global_planner.egg-info/SOURCES.txt'
[0.662s] running build
[0.662s] running build_py
[0.662s] copying global_planner/random_map.py -> /home/ali-elkashef/planner_ws/build/global_planner/build/lib/global_planner
[0.662s] running install
[0.666s] running install_lib
[0.676s] copying /home/ali-elkashef/planner_ws/build/global_planner/build/lib/global_planner/random_map.py -> /home/ali-elkashef/planner_ws/install/global_planner/lib/python3.12/site-packages/global_planner
[0.676s] byte-compiling /home/ali-elkashef/planner_ws/install/global_planner/lib/python3.12/site-packages/global_planner/random_map.py to random_map.cpython-312.pyc
[0.677s] running install_data
[0.677s] running install_egg_info
[0.687s] removing '/home/ali-elkashef/planner_ws/install/global_planner/lib/python3.12/site-packages/global_planner-0.0.0-py3.12.egg-info' (and everything under it)
[0.687s] Copying ../../build/global_planner/global_planner.egg-info to /home/ali-elkashef/planner_ws/install/global_planner/lib/python3.12/site-packages/global_planner-0.0.0-py3.12.egg-info
[0.688s] running install_scripts
[0.757s] Installing A_algorithm script to /home/ali-elkashef/planner_ws/install/global_planner/lib/global_planner
[0.757s] Installing random_map script to /home/ali-elkashef/planner_ws/install/global_planner/lib/global_planner
[0.757s] Installing starting_point script to /home/ali-elkashef/planner_ws/install/global_planner/lib/global_planner
[0.757s] writing list of installed files to '/home/ali-elkashef/planner_ws/build/global_planner/install.log'
[0.777s] Invoked command in '/home/ali-elkashef/planner_ws/src/global_planner' returned '0': DEBUGINFOD_URLS=https://debuginfod.ubuntu.com PYTHONPATH=/home/ali-elkashef/planner_ws/build/global_planner/prefix_override:/usr/lib/python3/dist-packages/colcon_core/task/python/colcon_distutils_commands:/home/ali-elkashef/planner_ws/install/global_planner/lib/python3.12/site-packages:${PYTHONPATH} /usr/bin/python3 -W ignore:setup.py install is deprecated -W ignore:easy_install command is deprecated setup.py egg_info --egg-base ../../build/global_planner build --build-base /home/ali-elkashef/planner_ws/build/global_planner/build install --record /home/ali-elkashef/planner_ws/build/global_planner/install.log --single-version-externally-managed install_data
