running egg_info
writing ../../build/global_planner/global_planner.egg-info/PKG-INFO
writing dependency_links to ../../build/global_planner/global_planner.egg-info/dependency_links.txt
writing entry points to ../../build/global_planner/global_planner.egg-info/entry_points.txt
writing requirements to ../../build/global_planner/global_planner.egg-info/requires.txt
writing top-level names to ../../build/global_planner/global_planner.egg-info/top_level.txt
reading manifest file '../../build/global_planner/global_planner.egg-info/SOURCES.txt'
adding license file 'LICENSE'
writing manifest file '../../build/global_planner/global_planner.egg-info/SOURCES.txt'
running build
running build_py
running install
running install_lib
running install_data
running install_egg_info
removing '/home/ali-elkashef/planner_ws/install/global_planner/lib/python3.12/site-packages/global_planner-0.0.0-py3.12.egg-info' (and everything under it)
Copying ../../build/global_planner/global_planner.egg-info to /home/ali-elkashef/planner_ws/install/global_planner/lib/python3.12/site-packages/global_planner-0.0.0-py3.12.egg-info
running install_scripts
Installing A_algorithm script to /home/ali-elkashef/planner_ws/install/global_planner/lib/global_planner
Installing random_map script to /home/ali-elkashef/planner_ws/install/global_planner/lib/global_planner
Installing starting_point script to /home/ali-elkashef/planner_ws/install/global_planner/lib/global_planner
writing list of installed files to '/home/ali-elkashef/planner_ws/build/global_planner/install.log'
