[0.463s] Invoking command in '/home/ali-elkashef/planner_ws/src/global_planner': DEBUGINFOD_URLS=https://debuginfod.ubuntu.com PYTHONPATH=/home/ali-elkashef/planner_ws/build/global_planner/prefix_override:/usr/lib/python3/dist-packages/colcon_core/task/python/colcon_distutils_commands:/home/ali-elkashef/planner_ws/install/global_planner/lib/python3.12/site-packages:${PYTHONPATH} /usr/bin/python3 -W ignore:setup.py install is deprecated -W ignore:easy_install command is deprecated setup.py egg_info --egg-base ../../build/global_planner build --build-base /home/ali-elkashef/planner_ws/build/global_planner/build install --record /home/ali-elkashef/planner_ws/build/global_planner/install.log --single-version-externally-managed install_data
[0.600s] running egg_info
[0.610s] writing ../../build/global_planner/global_planner.egg-info/PKG-INFO
[0.611s] writing dependency_links to ../../build/global_planner/global_planner.egg-info/dependency_links.txt
[0.611s] writing entry points to ../../build/global_planner/global_planner.egg-info/entry_points.txt
[0.611s] writing requirements to ../../build/global_planner/global_planner.egg-info/requires.txt
[0.611s] writing top-level names to ../../build/global_planner/global_planner.egg-info/top_level.txt
[0.630s] reading manifest file '../../build/global_planner/global_planner.egg-info/SOURCES.txt'
[0.630s] adding license file 'LICENSE'
[0.630s] writing manifest file '../../build/global_planner/global_planner.egg-info/SOURCES.txt'
[0.630s] running build
[0.630s] running build_py
[0.630s] running install
[0.634s] running install_lib
[0.644s] running install_data
[0.644s] running install_egg_info
[0.653s] removing '/home/ali-elkashef/planner_ws/install/global_planner/lib/python3.12/site-packages/global_planner-0.0.0-py3.12.egg-info' (and everything under it)
[0.653s] Copying ../../build/global_planner/global_planner.egg-info to /home/ali-elkashef/planner_ws/install/global_planner/lib/python3.12/site-packages/global_planner-0.0.0-py3.12.egg-info
[0.654s] running install_scripts
[0.719s] Installing A_algorithm script to /home/ali-elkashef/planner_ws/install/global_planner/lib/global_planner
[0.719s] Installing random_map script to /home/ali-elkashef/planner_ws/install/global_planner/lib/global_planner
[0.719s] Installing starting_point script to /home/ali-elkashef/planner_ws/install/global_planner/lib/global_planner
[0.719s] writing list of installed files to '/home/ali-elkashef/planner_ws/build/global_planner/install.log'
[0.738s] Invoked command in '/home/ali-elkashef/planner_ws/src/global_planner' returned '0': DEBUGINFOD_URLS=https://debuginfod.ubuntu.com PYTHONPATH=/home/ali-elkashef/planner_ws/build/global_planner/prefix_override:/usr/lib/python3/dist-packages/colcon_core/task/python/colcon_distutils_commands:/home/ali-elkashef/planner_ws/install/global_planner/lib/python3.12/site-packages:${PYTHONPATH} /usr/bin/python3 -W ignore:setup.py install is deprecated -W ignore:easy_install command is deprecated setup.py egg_info --egg-base ../../build/global_planner build --build-base /home/ali-elkashef/planner_ws/build/global_planner/build install --record /home/ali-elkashef/planner_ws/build/global_planner/install.log --single-version-externally-managed install_data
