/home/ali-elkashef/planner_ws/install/global_planner/lib/python3.12/site-packages/global_planner/__init__.py
/home/ali-elkashef/planner_ws/install/global_planner/lib/python3.12/site-packages/global_planner/A_algorithm.py
/home/ali-elkashef/planner_ws/install/global_planner/lib/python3.12/site-packages/global_planner/random_map.py
/home/ali-elkashef/planner_ws/install/global_planner/lib/python3.12/site-packages/global_planner/starting_point.py
/home/ali-elkashef/planner_ws/install/global_planner/lib/python3.12/site-packages/global_planner/__pycache__/__init__.cpython-312.pyc
/home/ali-elkashef/planner_ws/install/global_planner/lib/python3.12/site-packages/global_planner/__pycache__/A_algorithm.cpython-312.pyc
/home/ali-elkashef/planner_ws/install/global_planner/lib/python3.12/site-packages/global_planner/__pycache__/random_map.cpython-312.pyc
/home/ali-elkashef/planner_ws/install/global_planner/lib/python3.12/site-packages/global_planner/__pycache__/starting_point.cpython-312.pyc
/home/ali-elkashef/planner_ws/install/global_planner/share/ament_index/resource_index/packages/global_planner
/home/ali-elkashef/planner_ws/install/global_planner/share/global_planner/package.xml
/home/ali-elkashef/planner_ws/install/global_planner/share/global_planner/launch/launch_file.launch.py
/home/ali-elkashef/planner_ws/install/global_planner/lib/python3.12/site-packages/global_planner-0.0.0-py3.12.egg-info/zip-safe
/home/ali-elkashef/planner_ws/install/global_planner/lib/python3.12/site-packages/global_planner-0.0.0-py3.12.egg-info/entry_points.txt
/home/ali-elkashef/planner_ws/install/global_planner/lib/python3.12/site-packages/global_planner-0.0.0-py3.12.egg-info/requires.txt
/home/ali-elkashef/planner_ws/install/global_planner/lib/python3.12/site-packages/global_planner-0.0.0-py3.12.egg-info/PKG-INFO
/home/ali-elkashef/planner_ws/install/global_planner/lib/python3.12/site-packages/global_planner-0.0.0-py3.12.egg-info/SOURCES.txt
/home/ali-elkashef/planner_ws/install/global_planner/lib/python3.12/site-packages/global_planner-0.0.0-py3.12.egg-info/top_level.txt
/home/ali-elkashef/planner_ws/install/global_planner/lib/python3.12/site-packages/global_planner-0.0.0-py3.12.egg-info/dependency_links.txt
/home/ali-elkashef/planner_ws/install/global_planner/lib/global_planner/A_algorithm
/home/ali-elkashef/planner_ws/install/global_planner/lib/global_planner/random_map
/home/ali-elkashef/planner_ws/install/global_planner/lib/global_planner/starting_point
